21-11-2021 15:33:52 [main] INFO  olen4ixxx.composite.reader.impl.CompositeFileReader - CompositeFileReader: readLines(files/testSortedText.txt)
21-11-2021 15:33:52 [main] INFO  olen4ixxx.composite.reader.impl.CompositeFileReader - File is read
21-11-2021 15:33:52 [TestNG-method=testDeleteSentencesShorterThan-1] INFO  olen4ixxx.composite.service.impl.SentenceCountDeleteSearchService - SentenceCountDeleteSearchService: deleteSentencesShorterThan()
21-11-2021 15:38:43 [main] INFO  olen4ixxx.composite.reader.impl.CompositeFileReader - CompositeFileReader: readLines(files/testSortedText.txt)
21-11-2021 15:38:43 [main] INFO  olen4ixxx.composite.reader.impl.CompositeFileReader - File is read
21-11-2021 15:38:43 [TestNG-method=testCountSymbolsConsonants-1] INFO  olen4ixxx.composite.service.impl.SentenceCountDeleteSearchService - SentenceCountDeleteSearchService: countSymbols()
21-11-2021 15:38:43 [TestNG-method=testCountSymbolsConsonants-1] INFO  olen4ixxx.composite.service.impl.SentenceCountDeleteSearchService - SentenceCountDeleteSearchService: countSymbols()
21-11-2021 15:38:43 [TestNG-method=testCountSymbolsConsonants-1] INFO  olen4ixxx.composite.service.impl.SentenceCountDeleteSearchService - SentenceCountDeleteSearchService: countSymbols()
21-11-2021 15:38:43 [TestNG-method=testCountSymbolsConsonants-1] INFO  olen4ixxx.composite.service.impl.SentenceCountDeleteSearchService - SentenceCountDeleteSearchService: countSymbols()
21-11-2021 15:38:43 [TestNG-method=testCountSymbolsConsonants-1] INFO  olen4ixxx.composite.service.impl.SentenceCountDeleteSearchService - SentenceCountDeleteSearchService: countSymbols()
21-11-2021 15:38:43 [TestNG-method=testCountSymbolsConsonants-1] INFO  olen4ixxx.composite.service.impl.SentenceCountDeleteSearchService - SentenceCountDeleteSearchService: countSymbols()
21-11-2021 15:38:43 [TestNG-method=testCountSymbolsConsonants-1] INFO  olen4ixxx.composite.service.impl.SentenceCountDeleteSearchService - SentenceCountDeleteSearchService: countSymbols()
21-11-2021 15:38:43 [TestNG-method=testCountSymbolsConsonants-1] INFO  olen4ixxx.composite.service.impl.SentenceCountDeleteSearchService - SentenceCountDeleteSearchService: countSymbols()
21-11-2021 15:38:43 [TestNG-method=testCountSymbolsConsonants-1] INFO  olen4ixxx.composite.service.impl.SentenceCountDeleteSearchService - SentenceCountDeleteSearchService: countSymbols()
21-11-2021 15:38:43 [TestNG-method=testCountSymbolsConsonants-1] INFO  olen4ixxx.composite.service.impl.SentenceCountDeleteSearchService - SentenceCountDeleteSearchService: countSymbols()
21-11-2021 15:38:43 [main] INFO  olen4ixxx.composite.reader.impl.CompositeFileReader - CompositeFileReader: readLines(files/testSortedText.txt)
21-11-2021 15:38:43 [main] INFO  olen4ixxx.composite.reader.impl.CompositeFileReader - File is read
21-11-2021 15:38:43 [TestNG-method=testCountSymbolsVowels-1] INFO  olen4ixxx.composite.service.impl.SentenceCountDeleteSearchService - SentenceCountDeleteSearchService: countSymbols()
21-11-2021 15:38:43 [TestNG-method=testCountSymbolsVowels-1] INFO  olen4ixxx.composite.service.impl.SentenceCountDeleteSearchService - SentenceCountDeleteSearchService: countSymbols()
21-11-2021 15:38:43 [TestNG-method=testCountSymbolsVowels-1] INFO  olen4ixxx.composite.service.impl.SentenceCountDeleteSearchService - SentenceCountDeleteSearchService: countSymbols()
21-11-2021 15:38:43 [TestNG-method=testCountSymbolsVowels-1] INFO  olen4ixxx.composite.service.impl.SentenceCountDeleteSearchService - SentenceCountDeleteSearchService: countSymbols()
21-11-2021 15:38:43 [TestNG-method=testCountSymbolsVowels-1] INFO  olen4ixxx.composite.service.impl.SentenceCountDeleteSearchService - SentenceCountDeleteSearchService: countSymbols()
21-11-2021 15:38:43 [TestNG-method=testCountSymbolsVowels-1] INFO  olen4ixxx.composite.service.impl.SentenceCountDeleteSearchService - SentenceCountDeleteSearchService: countSymbols()
21-11-2021 15:38:43 [TestNG-method=testCountSymbolsVowels-1] INFO  olen4ixxx.composite.service.impl.SentenceCountDeleteSearchService - SentenceCountDeleteSearchService: countSymbols()
21-11-2021 15:38:43 [TestNG-method=testCountSymbolsVowels-1] INFO  olen4ixxx.composite.service.impl.SentenceCountDeleteSearchService - SentenceCountDeleteSearchService: countSymbols()
21-11-2021 15:38:43 [TestNG-method=testCountSymbolsVowels-1] INFO  olen4ixxx.composite.service.impl.SentenceCountDeleteSearchService - SentenceCountDeleteSearchService: countSymbols()
21-11-2021 15:38:43 [TestNG-method=testCountSymbolsVowels-1] INFO  olen4ixxx.composite.service.impl.SentenceCountDeleteSearchService - SentenceCountDeleteSearchService: countSymbols()
21-11-2021 15:38:43 [main] INFO  olen4ixxx.composite.reader.impl.CompositeFileReader - CompositeFileReader: readLines(files/testSortedText.txt)
21-11-2021 15:38:43 [main] INFO  olen4ixxx.composite.reader.impl.CompositeFileReader - File is read
21-11-2021 15:38:43 [TestNG-method=testDeleteSentencesShorterThan-1] INFO  olen4ixxx.composite.service.impl.SentenceCountDeleteSearchService - SentenceCountDeleteSearchService: deleteSentencesShorterThan()
21-11-2021 15:38:43 [main] INFO  olen4ixxx.composite.reader.impl.CompositeFileReader - CompositeFileReader: readLines(files/testSortedText.txt)
21-11-2021 15:38:43 [main] INFO  olen4ixxx.composite.reader.impl.CompositeFileReader - File is read
21-11-2021 15:38:43 [TestNG-method=testFindSentencesWithLongestWord-1] INFO  olen4ixxx.composite.service.impl.SentenceCountDeleteSearchService - SentenceCountDeleteSearchService: findSentencesWithLongestWord()
21-11-2021 15:38:43 [TestNG-method=testFindSentencesWithLongestWord-1] INFO  olen4ixxx.composite.service.impl.SentenceCountDeleteSearchService - maxWordLength:11
21-11-2021 15:52:08 [main] INFO  olen4ixxx.composite.reader.impl.CompositeFileReader - CompositeFileReader: readLines(files/text.txt)
21-11-2021 15:52:08 [main] INFO  olen4ixxx.composite.reader.impl.CompositeFileReader - File is read
21-11-2021 15:52:08 [TestNG-method=testCountRepeatedWords-1] INFO  olen4ixxx.composite.service.impl.TextSearchCountService - TextSearchCountService: countRepeatedWords()
21-11-2021 15:52:08 [TestNG-method=testCountRepeatedWords-1] INFO  olen4ixxx.composite.service.impl.TextSearchCountService - TextSearchCountService: findRepeatedWords()
21-11-2021 15:54:17 [main] INFO  olen4ixxx.composite.reader.impl.CompositeFileReader - CompositeFileReader: readLines(files/testText.txt)
21-11-2021 15:54:17 [main] ERROR olen4ixxx.composite.reader.impl.CompositeFileReader - File is not found (files/testText.txt)
21-11-2021 15:55:39 [main] INFO  olen4ixxx.composite.reader.impl.CompositeFileReader - CompositeFileReader: readLines(files/tText.txt)
21-11-2021 15:55:39 [main] ERROR olen4ixxx.composite.reader.impl.CompositeFileReader - File is not found (files/tText.txt)
21-11-2021 15:56:12 [main] INFO  olen4ixxx.composite.reader.impl.CompositeFileReader - CompositeFileReader: readLines(files/testText.txt)
21-11-2021 15:56:12 [main] INFO  olen4ixxx.composite.reader.impl.CompositeFileReader - File is read
21-11-2021 15:56:12 [TestNG-method=testFindRepeatedWords-1] INFO  olen4ixxx.composite.service.impl.TextSearchCountService - TextSearchCountService: findRepeatedWords()
21-11-2021 15:56:21 [main] INFO  olen4ixxx.composite.reader.impl.CompositeFileReader - CompositeFileReader: readLines(files/testText.txt)
21-11-2021 15:56:21 [main] INFO  olen4ixxx.composite.reader.impl.CompositeFileReader - File is read
21-11-2021 15:56:21 [TestNG-method=testCountRepeatedWords-1] INFO  olen4ixxx.composite.service.impl.TextSearchCountService - TextSearchCountService: countRepeatedWords()
21-11-2021 15:56:21 [TestNG-method=testCountRepeatedWords-1] INFO  olen4ixxx.composite.service.impl.TextSearchCountService - TextSearchCountService: findRepeatedWords()
21-11-2021 15:59:31 [main] INFO  olen4ixxx.composite.reader.impl.CompositeFileReader - CompositeFileReader: readLines(files/testText.txt)
21-11-2021 15:59:31 [main] INFO  olen4ixxx.composite.reader.impl.CompositeFileReader - File is read
21-11-2021 15:59:31 [TestNG-method=testFindRepeatedWords-1] INFO  olen4ixxx.composite.service.impl.TextSearchCountService - TextSearchCountService: findRepeatedWords()
21-11-2021 16:00:31 [main] INFO  olen4ixxx.composite.reader.impl.CompositeFileReader - CompositeFileReader: readLines(files/text.txt)
21-11-2021 16:00:31 [main] INFO  olen4ixxx.composite.reader.impl.CompositeFileReader - File is read
21-11-2021 16:00:31 [main] INFO  olen4ixxx.composite.parser.impl.ParagraphParser - ParagraphParser: parse()
21-11-2021 16:00:32 [main] INFO  olen4ixxx.composite.service.impl.TextSearchCountService - TextSearchCountService: findRepeatedWords()
21-11-2021 16:00:32 [main] INFO  olen4ixxx.composite.service.impl.TextSearchCountService - TextSearchCountService: countRepeatedWords()
21-11-2021 16:00:32 [main] INFO  olen4ixxx.composite.service.impl.TextSearchCountService - TextSearchCountService: findRepeatedWords()
21-11-2021 16:00:32 [main] INFO  olen4ixxx.composite.service.impl.ParagraphSortService - ParagraphSortService: sortByNumberOfSentences()
21-11-2021 16:00:32 [main] INFO  olen4ixxx.composite.service.impl.SentenceCountDeleteSearchService - SentenceCountDeleteSearchService: countSymbols()
21-11-2021 16:00:32 [main] INFO  olen4ixxx.composite.service.impl.SentenceCountDeleteSearchService - SentenceCountDeleteSearchService: countSymbols()
21-11-2021 16:00:32 [main] INFO  olen4ixxx.composite.service.impl.SentenceCountDeleteSearchService - SentenceCountDeleteSearchService: countSymbols()
21-11-2021 16:00:32 [main] INFO  olen4ixxx.composite.service.impl.SentenceCountDeleteSearchService - SentenceCountDeleteSearchService: countSymbols()
21-11-2021 16:00:32 [main] INFO  olen4ixxx.composite.service.impl.SentenceCountDeleteSearchService - SentenceCountDeleteSearchService: countSymbols()
21-11-2021 16:00:32 [main] INFO  olen4ixxx.composite.service.impl.SentenceCountDeleteSearchService - SentenceCountDeleteSearchService: countSymbols()
21-11-2021 16:00:32 [main] INFO  olen4ixxx.composite.service.impl.SentenceCountDeleteSearchService - SentenceCountDeleteSearchService: countSymbols()
21-11-2021 16:00:32 [main] INFO  olen4ixxx.composite.service.impl.SentenceCountDeleteSearchService - SentenceCountDeleteSearchService: countSymbols()
