17-11-2021 09:01:53 [main] INFO  olen4ixxx.composite.service.impl.SentenceCountDeleteSearchService - SentenceCountDeleteSearchService: countSymbols()
17-11-2021 09:01:53 [main] INFO  olen4ixxx.composite.service.impl.SentenceCountDeleteSearchService - SentenceCountDeleteSearchService: countSymbols()
17-11-2021 09:01:53 [main] INFO  olen4ixxx.composite.service.impl.SentenceCountDeleteSearchService - SentenceCountDeleteSearchService: countSymbols()
17-11-2021 09:01:53 [main] INFO  olen4ixxx.composite.service.impl.SentenceCountDeleteSearchService - SentenceCountDeleteSearchService: countSymbols()
17-11-2021 09:01:53 [main] INFO  olen4ixxx.composite.service.impl.SentenceCountDeleteSearchService - SentenceCountDeleteSearchService: countSymbols()
17-11-2021 09:01:53 [main] INFO  olen4ixxx.composite.service.impl.SentenceCountDeleteSearchService - SentenceCountDeleteSearchService: countSymbols()
17-11-2021 09:01:53 [main] INFO  olen4ixxx.composite.service.impl.SentenceCountDeleteSearchService - SentenceCountDeleteSearchService: countSymbols()
17-11-2021 09:01:53 [main] INFO  olen4ixxx.composite.service.impl.SentenceCountDeleteSearchService - SentenceCountDeleteSearchService: countSymbols()
17-11-2021 09:01:53 [main] INFO  olen4ixxx.composite.service.impl.SentenceCountDeleteSearchService - SentenceCountDeleteSearchService: countSymbols()
17-11-2021 09:01:53 [main] INFO  olen4ixxx.composite.service.impl.SentenceCountDeleteSearchService - SentenceCountDeleteSearchService: countSymbols()
17-11-2021 09:01:53 [main] INFO  olen4ixxx.composite.service.impl.SentenceCountDeleteSearchService - SentenceCountDeleteSearchService: countSymbols()
17-11-2021 09:01:53 [main] INFO  olen4ixxx.composite.service.impl.SentenceCountDeleteSearchService - SentenceCountDeleteSearchService: countSymbols()
17-11-2021 09:01:53 [main] INFO  olen4ixxx.composite.service.impl.SentenceCountDeleteSearchService - SentenceCountDeleteSearchService: findSentencesWithLongestWord()
17-11-2021 09:01:53 [main] INFO  olen4ixxx.composite.service.impl.SentenceCountDeleteSearchService - maxWordLength:18
17-11-2021 09:01:53 [main] INFO  olen4ixxx.composite.service.impl.SentenceCountDeleteSearchService - SentenceCountDeleteSearchService: deleteSentencesShorterThan()
21-11-2021 13:27:53 [main] INFO  olen4ixxx.composite.reader.impl.CompositeFileReader - CompositeFileReader: readLines(files/text.txt)
21-11-2021 13:27:53 [main] INFO  olen4ixxx.composite.reader.impl.CompositeFileReader - File is read
21-11-2021 13:27:53 [main] INFO  olen4ixxx.composite.parser.impl.ParagraphParser - ParagraphParser: parse()
21-11-2021 13:27:53 [main] INFO  olen4ixxx.composite.service.impl.TextSearchCountService - TextSearchCountService: findRepeatedWords()
21-11-2021 13:27:54 [main] INFO  olen4ixxx.composite.service.impl.TextSearchCountService - TextSearchCountService: countRepeatedWords()
21-11-2021 13:27:54 [main] INFO  olen4ixxx.composite.service.impl.TextSearchCountService - TextSearchCountService: findRepeatedWords()
21-11-2021 13:27:54 [main] INFO  olen4ixxx.composite.service.impl.ParagraphSortService - ParagraphSortService: sortByNumberOfSentences()
21-11-2021 13:27:54 [main] INFO  olen4ixxx.composite.service.impl.SentenceCountDeleteSearchService - SentenceCountDeleteSearchService: countSymbols()
21-11-2021 13:27:54 [main] INFO  olen4ixxx.composite.service.impl.SentenceCountDeleteSearchService - SentenceCountDeleteSearchService: countSymbols()
21-11-2021 13:27:54 [main] INFO  olen4ixxx.composite.service.impl.SentenceCountDeleteSearchService - SentenceCountDeleteSearchService: countSymbols()
21-11-2021 13:27:54 [main] INFO  olen4ixxx.composite.service.impl.SentenceCountDeleteSearchService - SentenceCountDeleteSearchService: countSymbols()
21-11-2021 13:27:54 [main] INFO  olen4ixxx.composite.service.impl.SentenceCountDeleteSearchService - SentenceCountDeleteSearchService: countSymbols()
21-11-2021 13:27:54 [main] INFO  olen4ixxx.composite.service.impl.SentenceCountDeleteSearchService - SentenceCountDeleteSearchService: countSymbols()
21-11-2021 13:27:54 [main] INFO  olen4ixxx.composite.service.impl.SentenceCountDeleteSearchService - SentenceCountDeleteSearchService: countSymbols()
21-11-2021 13:27:54 [main] INFO  olen4ixxx.composite.service.impl.SentenceCountDeleteSearchService - SentenceCountDeleteSearchService: countSymbols()
21-11-2021 13:27:54 [main] INFO  olen4ixxx.composite.service.impl.SentenceCountDeleteSearchService - SentenceCountDeleteSearchService: countSymbols()
21-11-2021 13:27:54 [main] INFO  olen4ixxx.composite.service.impl.SentenceCountDeleteSearchService - SentenceCountDeleteSearchService: countSymbols()
21-11-2021 13:27:54 [main] INFO  olen4ixxx.composite.service.impl.SentenceCountDeleteSearchService - SentenceCountDeleteSearchService: countSymbols()
21-11-2021 13:27:54 [main] INFO  olen4ixxx.composite.service.impl.SentenceCountDeleteSearchService - SentenceCountDeleteSearchService: countSymbols()
21-11-2021 13:27:54 [main] INFO  olen4ixxx.composite.service.impl.SentenceCountDeleteSearchService - SentenceCountDeleteSearchService: findSentencesWithLongestWord()
21-11-2021 13:27:54 [main] INFO  olen4ixxx.composite.service.impl.SentenceCountDeleteSearchService - maxWordLength:18
21-11-2021 13:27:54 [main] INFO  olen4ixxx.composite.service.impl.SentenceCountDeleteSearchService - SentenceCountDeleteSearchService: deleteSentencesShorterThan()
21-11-2021 13:28:35 [main] INFO  olen4ixxx.composite.reader.impl.CompositeFileReader - CompositeFileReader: readLines(files/text.txt)
21-11-2021 13:28:35 [main] INFO  olen4ixxx.composite.reader.impl.CompositeFileReader - File is read
21-11-2021 13:28:35 [main] INFO  olen4ixxx.composite.parser.impl.ParagraphParser - ParagraphParser: parse()
21-11-2021 13:28:36 [main] INFO  olen4ixxx.composite.service.impl.TextSearchCountService - TextSearchCountService: findRepeatedWords()
21-11-2021 13:28:36 [main] INFO  olen4ixxx.composite.service.impl.TextSearchCountService - TextSearchCountService: countRepeatedWords()
21-11-2021 13:28:36 [main] INFO  olen4ixxx.composite.service.impl.TextSearchCountService - TextSearchCountService: findRepeatedWords()
21-11-2021 13:28:36 [main] INFO  olen4ixxx.composite.service.impl.ParagraphSortService - ParagraphSortService: sortByNumberOfSentences()
21-11-2021 13:28:36 [main] INFO  olen4ixxx.composite.service.impl.SentenceCountDeleteSearchService - SentenceCountDeleteSearchService: countSymbols()
21-11-2021 13:28:36 [main] INFO  olen4ixxx.composite.service.impl.SentenceCountDeleteSearchService - SentenceCountDeleteSearchService: countSymbols()
21-11-2021 13:28:36 [main] INFO  olen4ixxx.composite.service.impl.SentenceCountDeleteSearchService - SentenceCountDeleteSearchService: countSymbols()
21-11-2021 13:28:36 [main] INFO  olen4ixxx.composite.service.impl.SentenceCountDeleteSearchService - SentenceCountDeleteSearchService: countSymbols()
21-11-2021 13:28:36 [main] INFO  olen4ixxx.composite.service.impl.SentenceCountDeleteSearchService - SentenceCountDeleteSearchService: countSymbols()
21-11-2021 13:28:36 [main] INFO  olen4ixxx.composite.service.impl.SentenceCountDeleteSearchService - SentenceCountDeleteSearchService: countSymbols()
21-11-2021 13:28:36 [main] INFO  olen4ixxx.composite.service.impl.SentenceCountDeleteSearchService - SentenceCountDeleteSearchService: countSymbols()
21-11-2021 13:28:36 [main] INFO  olen4ixxx.composite.service.impl.SentenceCountDeleteSearchService - SentenceCountDeleteSearchService: countSymbols()
21-11-2021 13:28:36 [main] INFO  olen4ixxx.composite.service.impl.SentenceCountDeleteSearchService - SentenceCountDeleteSearchService: countSymbols()
21-11-2021 13:28:36 [main] INFO  olen4ixxx.composite.service.impl.SentenceCountDeleteSearchService - SentenceCountDeleteSearchService: countSymbols()
21-11-2021 13:28:36 [main] INFO  olen4ixxx.composite.service.impl.SentenceCountDeleteSearchService - SentenceCountDeleteSearchService: countSymbols()
21-11-2021 13:28:36 [main] INFO  olen4ixxx.composite.service.impl.SentenceCountDeleteSearchService - SentenceCountDeleteSearchService: countSymbols()
21-11-2021 13:28:36 [main] INFO  olen4ixxx.composite.service.impl.SentenceCountDeleteSearchService - SentenceCountDeleteSearchService: findSentencesWithLongestWord()
21-11-2021 13:28:36 [main] INFO  olen4ixxx.composite.service.impl.SentenceCountDeleteSearchService - maxWordLength:18
21-11-2021 13:28:36 [main] INFO  olen4ixxx.composite.service.impl.SentenceCountDeleteSearchService - SentenceCountDeleteSearchService: deleteSentencesShorterThan()
21-11-2021 13:46:26 [main] INFO  olen4ixxx.composite.reader.impl.CompositeFileReader - CompositeFileReader: readLines(files/testText.txt)
21-11-2021 13:46:26 [main] INFO  olen4ixxx.composite.reader.impl.CompositeFileReader - File is read
21-11-2021 13:46:26 [main] INFO  olen4ixxx.composite.parser.impl.ParagraphParser - ParagraphParser: parse()
21-11-2021 13:46:26 [main] INFO  olen4ixxx.composite.service.impl.ParagraphSortService - ParagraphSortService: sortByNumberOfSentences()
21-11-2021 13:48:51 [main] INFO  olen4ixxx.composite.reader.impl.CompositeFileReader - CompositeFileReader: readLines(files/testText.txt)
21-11-2021 13:48:51 [main] INFO  olen4ixxx.composite.reader.impl.CompositeFileReader - File is read
21-11-2021 13:48:52 [main] INFO  olen4ixxx.composite.service.impl.ParagraphSortService - ParagraphSortService: sortByNumberOfSentences()
21-11-2021 13:53:50 [main] INFO  olen4ixxx.composite.service.impl.ParagraphSortService - ParagraphSortService: sortByNumberOfSentences()
21-11-2021 13:57:29 [main] INFO  olen4ixxx.composite.service.impl.ParagraphSortService - ParagraphSortService: sortByNumberOfSentences()
21-11-2021 13:58:08 [main] INFO  olen4ixxx.composite.service.impl.ParagraphSortService - ParagraphSortService: sortByNumberOfSentences()
21-11-2021 14:15:56 [TestNG-method=testSortByNumberOfSentences-1] INFO  olen4ixxx.composite.reader.impl.CompositeFileReader - CompositeFileReader: readLines(files/testText.txt)
21-11-2021 14:15:56 [TestNG-method=testSortByNumberOfSentences-1] INFO  olen4ixxx.composite.reader.impl.CompositeFileReader - File is read
21-11-2021 14:15:56 [TestNG-method=testSortByNumberOfSentences-1] INFO  olen4ixxx.composite.reader.impl.CompositeFileReader - CompositeFileReader: readLines(files/testParagraphsSortedText.txt)
