21-11-2021 14:56:02 [main] INFO  olen4ixxx.composite.service.impl.SentenceCountDeleteSearchService - SentenceCountDeleteSearchService: countSymbols()
21-11-2021 14:56:02 [main] INFO  olen4ixxx.composite.service.impl.SentenceCountDeleteSearchService - SentenceCountDeleteSearchService: countSymbols()
21-11-2021 14:56:02 [main] INFO  olen4ixxx.composite.service.impl.SentenceCountDeleteSearchService - SentenceCountDeleteSearchService: countSymbols()
21-11-2021 14:56:02 [main] INFO  olen4ixxx.composite.service.impl.SentenceCountDeleteSearchService - SentenceCountDeleteSearchService: countSymbols()
21-11-2021 14:56:02 [main] INFO  olen4ixxx.composite.service.impl.SentenceCountDeleteSearchService - SentenceCountDeleteSearchService: countSymbols()
21-11-2021 14:56:02 [main] INFO  olen4ixxx.composite.service.impl.SentenceCountDeleteSearchService - SentenceCountDeleteSearchService: countSymbols()
21-11-2021 14:56:02 [main] INFO  olen4ixxx.composite.service.impl.SentenceCountDeleteSearchService - SentenceCountDeleteSearchService: findSentencesWithLongestWord()
21-11-2021 14:56:02 [main] INFO  olen4ixxx.composite.service.impl.SentenceCountDeleteSearchService - maxWordLength:11
21-11-2021 14:56:02 [main] INFO  olen4ixxx.composite.service.impl.SentenceCountDeleteSearchService - SentenceCountDeleteSearchService: deleteSentencesShorterThan()
21-11-2021 14:56:43 [main] INFO  olen4ixxx.composite.reader.impl.CompositeFileReader - CompositeFileReader: readLines(files/testSortedText.txt)
21-11-2021 14:56:44 [main] INFO  olen4ixxx.composite.reader.impl.CompositeFileReader - File is read
21-11-2021 14:56:44 [main] INFO  olen4ixxx.composite.service.impl.SentenceCountDeleteSearchService - SentenceCountDeleteSearchService: countSymbols()
21-11-2021 14:56:44 [main] INFO  olen4ixxx.composite.service.impl.SentenceCountDeleteSearchService - SentenceCountDeleteSearchService: countSymbols()
21-11-2021 14:56:44 [main] INFO  olen4ixxx.composite.service.impl.SentenceCountDeleteSearchService - SentenceCountDeleteSearchService: countSymbols()
21-11-2021 14:56:44 [main] INFO  olen4ixxx.composite.service.impl.SentenceCountDeleteSearchService - SentenceCountDeleteSearchService: countSymbols()
21-11-2021 14:56:44 [main] INFO  olen4ixxx.composite.service.impl.SentenceCountDeleteSearchService - SentenceCountDeleteSearchService: countSymbols()
21-11-2021 14:56:44 [main] INFO  olen4ixxx.composite.service.impl.SentenceCountDeleteSearchService - SentenceCountDeleteSearchService: countSymbols()
21-11-2021 14:56:44 [main] INFO  olen4ixxx.composite.service.impl.SentenceCountDeleteSearchService - SentenceCountDeleteSearchService: countSymbols()
21-11-2021 14:56:44 [main] INFO  olen4ixxx.composite.service.impl.SentenceCountDeleteSearchService - SentenceCountDeleteSearchService: countSymbols()
21-11-2021 14:56:44 [main] INFO  olen4ixxx.composite.service.impl.SentenceCountDeleteSearchService - SentenceCountDeleteSearchService: countSymbols()
21-11-2021 14:56:44 [main] INFO  olen4ixxx.composite.service.impl.SentenceCountDeleteSearchService - SentenceCountDeleteSearchService: countSymbols()
21-11-2021 14:56:44 [main] INFO  olen4ixxx.composite.service.impl.SentenceCountDeleteSearchService - SentenceCountDeleteSearchService: countSymbols()
21-11-2021 14:56:44 [main] INFO  olen4ixxx.composite.service.impl.SentenceCountDeleteSearchService - SentenceCountDeleteSearchService: countSymbols()
21-11-2021 14:56:44 [main] INFO  olen4ixxx.composite.service.impl.SentenceCountDeleteSearchService - SentenceCountDeleteSearchService: countSymbols()
21-11-2021 14:56:44 [main] INFO  olen4ixxx.composite.service.impl.SentenceCountDeleteSearchService - SentenceCountDeleteSearchService: countSymbols()
21-11-2021 14:56:44 [main] INFO  olen4ixxx.composite.service.impl.SentenceCountDeleteSearchService - SentenceCountDeleteSearchService: countSymbols()
21-11-2021 14:56:44 [main] INFO  olen4ixxx.composite.service.impl.SentenceCountDeleteSearchService - SentenceCountDeleteSearchService: countSymbols()
21-11-2021 14:56:44 [main] INFO  olen4ixxx.composite.service.impl.SentenceCountDeleteSearchService - SentenceCountDeleteSearchService: countSymbols()
21-11-2021 14:56:44 [main] INFO  olen4ixxx.composite.service.impl.SentenceCountDeleteSearchService - SentenceCountDeleteSearchService: countSymbols()
21-11-2021 14:56:44 [main] INFO  olen4ixxx.composite.service.impl.SentenceCountDeleteSearchService - SentenceCountDeleteSearchService: countSymbols()
21-11-2021 14:56:44 [main] INFO  olen4ixxx.composite.service.impl.SentenceCountDeleteSearchService - SentenceCountDeleteSearchService: countSymbols()
21-11-2021 14:56:44 [main] INFO  olen4ixxx.composite.service.impl.SentenceCountDeleteSearchService - SentenceCountDeleteSearchService: findSentencesWithLongestWord()
21-11-2021 14:56:44 [main] INFO  olen4ixxx.composite.service.impl.SentenceCountDeleteSearchService - maxWordLength:11
21-11-2021 14:56:44 [main] INFO  olen4ixxx.composite.service.impl.SentenceCountDeleteSearchService - SentenceCountDeleteSearchService: deleteSentencesShorterThan()
21-11-2021 14:59:02 [TestNG-method=testCountSymbolsConsonants-1] INFO  olen4ixxx.composite.reader.impl.CompositeFileReader - CompositeFileReader: readLines(files/testSortedText.txt)
21-11-2021 14:59:02 [TestNG-method=testCountSymbolsConsonants-1] INFO  olen4ixxx.composite.reader.impl.CompositeFileReader - File is read
21-11-2021 14:59:02 [TestNG-method=testCountSymbolsConsonants-1] INFO  olen4ixxx.composite.service.impl.SentenceCountDeleteSearchService - SentenceCountDeleteSearchService: countSymbols()
21-11-2021 14:59:02 [TestNG-method=testCountSymbolsConsonants-1] INFO  olen4ixxx.composite.service.impl.SentenceCountDeleteSearchService - SentenceCountDeleteSearchService: countSymbols()
21-11-2021 14:59:02 [TestNG-method=testCountSymbolsConsonants-1] INFO  olen4ixxx.composite.service.impl.SentenceCountDeleteSearchService - SentenceCountDeleteSearchService: countSymbols()
21-11-2021 14:59:02 [TestNG-method=testCountSymbolsConsonants-1] INFO  olen4ixxx.composite.service.impl.SentenceCountDeleteSearchService - SentenceCountDeleteSearchService: countSymbols()
21-11-2021 14:59:02 [TestNG-method=testCountSymbolsConsonants-1] INFO  olen4ixxx.composite.service.impl.SentenceCountDeleteSearchService - SentenceCountDeleteSearchService: countSymbols()
21-11-2021 14:59:02 [TestNG-method=testCountSymbolsConsonants-1] INFO  olen4ixxx.composite.service.impl.SentenceCountDeleteSearchService - SentenceCountDeleteSearchService: countSymbols()
21-11-2021 14:59:02 [TestNG-method=testCountSymbolsConsonants-1] INFO  olen4ixxx.composite.service.impl.SentenceCountDeleteSearchService - SentenceCountDeleteSearchService: countSymbols()
21-11-2021 14:59:02 [TestNG-method=testCountSymbolsConsonants-1] INFO  olen4ixxx.composite.service.impl.SentenceCountDeleteSearchService - SentenceCountDeleteSearchService: countSymbols()
21-11-2021 14:59:02 [TestNG-method=testCountSymbolsConsonants-1] INFO  olen4ixxx.composite.service.impl.SentenceCountDeleteSearchService - SentenceCountDeleteSearchService: countSymbols()
21-11-2021 14:59:02 [TestNG-method=testCountSymbolsConsonants-1] INFO  olen4ixxx.composite.service.impl.SentenceCountDeleteSearchService - SentenceCountDeleteSearchService: countSymbols()
21-11-2021 14:59:23 [TestNG-method=testCountSymbolsConsonants-1] INFO  olen4ixxx.composite.reader.impl.CompositeFileReader - CompositeFileReader: readLines(files/testSortedText.txt)
21-11-2021 14:59:23 [TestNG-method=testCountSymbolsConsonants-1] INFO  olen4ixxx.composite.reader.impl.CompositeFileReader - File is read
21-11-2021 14:59:23 [TestNG-method=testCountSymbolsConsonants-1] INFO  olen4ixxx.composite.service.impl.SentenceCountDeleteSearchService - SentenceCountDeleteSearchService: countSymbols()
21-11-2021 14:59:23 [TestNG-method=testCountSymbolsConsonants-1] INFO  olen4ixxx.composite.service.impl.SentenceCountDeleteSearchService - SentenceCountDeleteSearchService: countSymbols()
21-11-2021 14:59:23 [TestNG-method=testCountSymbolsConsonants-1] INFO  olen4ixxx.composite.service.impl.SentenceCountDeleteSearchService - SentenceCountDeleteSearchService: countSymbols()
21-11-2021 14:59:23 [TestNG-method=testCountSymbolsConsonants-1] INFO  olen4ixxx.composite.service.impl.SentenceCountDeleteSearchService - SentenceCountDeleteSearchService: countSymbols()
21-11-2021 14:59:23 [TestNG-method=testCountSymbolsConsonants-1] INFO  olen4ixxx.composite.service.impl.SentenceCountDeleteSearchService - SentenceCountDeleteSearchService: countSymbols()
21-11-2021 14:59:23 [TestNG-method=testCountSymbolsConsonants-1] INFO  olen4ixxx.composite.service.impl.SentenceCountDeleteSearchService - SentenceCountDeleteSearchService: countSymbols()
21-11-2021 14:59:23 [TestNG-method=testCountSymbolsConsonants-1] INFO  olen4ixxx.composite.service.impl.SentenceCountDeleteSearchService - SentenceCountDeleteSearchService: countSymbols()
21-11-2021 14:59:23 [TestNG-method=testCountSymbolsConsonants-1] INFO  olen4ixxx.composite.service.impl.SentenceCountDeleteSearchService - SentenceCountDeleteSearchService: countSymbols()
21-11-2021 14:59:23 [TestNG-method=testCountSymbolsConsonants-1] INFO  olen4ixxx.composite.service.impl.SentenceCountDeleteSearchService - SentenceCountDeleteSearchService: countSymbols()
21-11-2021 14:59:23 [TestNG-method=testCountSymbolsConsonants-1] INFO  olen4ixxx.composite.service.impl.SentenceCountDeleteSearchService - SentenceCountDeleteSearchService: countSymbols()
21-11-2021 15:32:58 [main] INFO  olen4ixxx.composite.reader.impl.CompositeFileReader - CompositeFileReader: readLines(files/testSortedText.txt)
21-11-2021 15:32:58 [main] INFO  olen4ixxx.composite.reader.impl.CompositeFileReader - File is read
21-11-2021 15:32:58 [TestNG-method=testDeleteSentencesShorterThan-1] INFO  olen4ixxx.composite.service.impl.SentenceCountDeleteSearchService - SentenceCountDeleteSearchService: deleteSentencesShorterThan()
21-11-2021 15:33:38 [main] INFO  olen4ixxx.composite.reader.impl.CompositeFileReader - CompositeFileReader: readLines(files/testSortedText.txt)
21-11-2021 15:33:38 [main] INFO  olen4ixxx.composite.reader.impl.CompositeFileReader - File is read
21-11-2021 15:33:38 [TestNG-method=testDeleteSentencesShorterThan-1] INFO  olen4ixxx.composite.service.impl.SentenceCountDeleteSearchService - SentenceCountDeleteSearchService: deleteSentencesShorterThan()
